<?xml version="1.0" encoding="UTF-8"?>
<testsuite xmlns:xsi="http://www.w3.org/2001/XMLSchema-instance" xsi:noNamespaceSchemaLocation="https://maven.apache.org/surefire/maven-surefire-plugin/xsd/surefire-test-report-3.0.xsd" version="3.0" name="AuthTest" time="33.316" tests="3" errors="0" skipped="0" failures="0">
  <properties>
[...]
</properties>
  <testcase name="successfulAuth" classname="AuthTest" time="10.455"/>
  <testcase name="logout" classname="AuthTest" time="13.211"/>
  <testcase name="failedAuth" classname="AuthTest" time="9.64"/>
</testsuite>